
11:20:12: Applicazione avviata.
2026-04-22 11:20:12 - INFO - Dash is running on http://127.0.0.1:8050/

11:20:17: Applicazione avviata.
11:20:18: Mappa aggiornata (10 nodi, 9 link unici).
11:22:44: Selezione annullata.
11:22:44: Aggiornamento dati eseguito.
11:22:45: Profilo stato server | border_router: G=2 Y=1 R=0 | router: G=2 Y=0 R=0 | child: G=2 Y=3 R=0
11:22:45: Mappa aggiornata (10 nodi, 9 link unici).
11:26:21: Applicazione avviata.
11:26:33: Aggiornamento dati eseguito.
11:26:33: Selezione annullata.
11:26:33: Profilo stato server | border_router: G=3 Y=0 R=0 | router: G=2 Y=0 R=0 | child: G=5 Y=0 R=0
11:26:34: Mappa aggiornata (10 nodi, 9 link unici).
13:27:05: Applicazione avviata.
13:27:33: Aggiornamento dati eseguito.
13:27:33: Selezione annullata.
13:27:33: Profilo stato server | border_router: G=1 Y=1 R=1 | router: G=2 Y=0 R=0 | child: G=3 Y=0 R=2
13:27:34: Mappa aggiornata (10 nodi, 9 link unici).
13:28:30: Applicazione avviata.
13:28:33: Aggiornamento dati eseguito.
13:28:33: Profilo stato server | border_router: G=2 Y=1 R=0 | router: G=1 Y=1 R=0 | child: G=3 Y=2 R=0
13:28:34: Selezione annullata.
13:28:35: Mappa aggiornata (10 nodi, 9 link unici).
13:34:08: Applicazione avviata.
13:34:33: Aggiornamento dati eseguito.
13:34:33: Selezione annullata.
13:34:33: Profilo stato server | border_router: G=3 Y=0 R=0 | router: G=2 Y=0 R=0 | child: G=3 Y=2 R=0
13:34:34: Mappa aggiornata (10 nodi, 9 link unici).
13:37:22: Applicazione avviata.
13:37:33: Aggiornamento dati eseguito.
13:37:33: Selezione annullata.
13:37:33: Profilo stato server | border_router: G=2 Y=1 R=0 | router: G=0 Y=2 R=0 | child: G=3 Y=2 R=0
13:37:34: Mappa aggiornata (10 nodi, 9 link unici).
11:12:39: Applicazione avviata.
2026-05-04 11:12:39 - INFO - Dash is running on http://127.0.0.1:8050/

11:12:47: Applicazione avviata.
11:14:24: Aggiornamento dati eseguito.
11:14:24: Selezione annullata.
11:14:25: Profilo stato server | border_router: G=2 Y=1 R=0 | router: G=2 Y=0 R=0 | child: G=4 Y=1 R=0
11:14:26: Mappa aggiornata (10 nodi, 9 link unici).
11:15:00: Mappa aggiornata (10 nodi, 9 link unici).
11:15:01: Selezionato nodo singolo (lasso): node-1
11:16:44: Aggiornamento dati eseguito.
11:16:44: Selezione annullata.
11:16:45: Profilo stato server | border_router: G=0 Y=3 R=0 | router: G=0 Y=2 R=0 | child: G=2 Y=3 R=0
11:16:45: Mappa aggiornata (10 nodi, 9 link unici).
11:18:50: Applicazione avviata.
11:18:53: Aggiornamento dati eseguito.
11:18:53: Selezione annullata.
11:18:53: Profilo stato server | border_router: G=2 Y=1 R=0 | router: G=2 Y=0 R=0 | child: G=3 Y=2 R=0
11:18:53: Mappa aggiornata (10 nodi, 9 link unici).
12:08:39: Aggiornamento dati eseguito.
12:08:39: Selezione annullata.
12:08:41: Profilo stato server | border_router: G=3 Y=0 R=0 | router: G=2 Y=0 R=0 | child: G=3 Y=2 R=0
12:08:41: Mappa aggiornata (10 nodi, 9 link unici).
12:13:08: Applicazione avviata.
12:13:09: Aggiornamento dati eseguito.
12:13:09: Selezione annullata.
12:13:09: Profilo stato server | border_router: G=3 Y=0 R=0 | router: G=2 Y=0 R=0 | child: G=4 Y=1 R=0
12:13:10: Mappa aggiornata (10 nodi, 9 link unici).
12:13:56: Applicazione avviata.
2026-05-04 12:13:56 - INFO - Dash is running on http://127.0.0.1:8050/

12:14:00: Applicazione avviata.
12:14:01: Aggiornamento dati eseguito.
12:14:01: Selezione annullata.
12:14:01: Profilo stato server | border_router: G=3 Y=0 R=0 | router: G=2 Y=0 R=0 | child: G=4 Y=1 R=0
12:14:03: Mappa aggiornata (10 nodi, 9 link unici).
12:18:04: Applicazione avviata.
12:18:06: Aggiornamento dati eseguito.
12:18:06: Selezione annullata.
12:18:06: Profilo stato server | border_router: G=3 Y=0 R=0 | router: G=2 Y=0 R=0 | child: G=3 Y=2 R=0
12:18:07: Mappa aggiornata (10 nodi, 9 link unici).
12:18:53: Mappa aggiornata (10 nodi, 9 link unici).
12:18:53: Selezionato nodo singolo (lasso): node-5
12:19:12: Selezionato nodo singolo (lasso): node-6
12:19:12: Mappa aggiornata (10 nodi, 9 link unici).
12:19:19: Selezionato un gruppo di 2 nodi.
12:19:19: Mappa aggiornata (10 nodi, 9 link unici).
15:52:58: Applicazione avviata.
2026-05-05 15:52:58 - INFO - Dash is running on http://127.0.0.1:8050/

15:53:07: Applicazione avviata.
16:02:57: Applicazione avviata.
16:06:49: Applicazione avviata.
16:08:15: Selezione annullata.
16:08:15: Aggiornamento dati eseguito.
16:08:15: Profilo stato server | border_router: G=2 Y=1 R=0 | router: G=1 Y=1 R=0 | child: G=2 Y=3 R=0
16:08:16: Mappa aggiornata (10 nodi, 9 link unici).
16:08:27: Downsampling aggiornato a 'ogni 30 minuti'.
16:08:34: Mappa aggiornata (10 nodi, 9 link unici).
16:08:34: Selezionato nodo singolo (lasso): node-7
16:09:10: Downsampling aggiornato a 'dati grezzi (nessun raggruppamento)'.
